This is pdfTeX, Version 3.141592653-2.6-1.40.24 (TeX Live 2022/Arch Linux) (preloaded format=pdflatex 2022.4.29)  23 JUL 2022 21:07
entering extended mode
 restricted \write18 enabled.
 %&-line parsing enabled.
**refman
(./refman.tex
LaTeX2e <2021-11-15> patch level 1
L3 programming layer <2022-04-10>
(/usr/share/texmf-dist/tex/latex/base/book.cls
Document Class: book 2021/10/04 v1.4n Standard LaTeX document class
(/usr/share/texmf-dist/tex/latex/base/bk10.clo
File: bk10.clo 2021/10/04 v1.4n Standard LaTeX file (size option)
)
\c@part=\count185
\c@chapter=\count186
\c@section=\count187
\c@subsection=\count188
\c@subsubsection=\count189
\c@paragraph=\count190
\c@subparagraph=\count191
\c@figure=\count192
\c@table=\count193
\abovecaptionskip=\skip47
\belowcaptionskip=\skip48
\bibindent=\dimen138
)
(/usr/share/texmf-dist/tex/latex/base/ifthen.sty
Package: ifthen 2020/11/24 v1.1c Standard LaTeX ifthen package (DPC)
)
(/usr/share/texmf-dist/tex/latex/tools/array.sty
Rollback for package 'array' requested -> date 2016-10-06.
         Best approximation is the release introduced on 2016-10-06.

(/usr/share/texmf-dist/tex/latex/tools/array-2016-10-06.sty
Package: array 2016/10/06 v2.4d Tabular extension package (FMi)
\col@sep=\dimen139
\extrarowheight=\dimen140
\NC@list=\toks16
\extratabsurround=\skip49
\backup@length=\skip50
))
(/usr/share/texmf-dist/tex/latex/base/fixltx2e.sty
Package: fixltx2e 2016/12/29 v2.1a fixes to LaTeX (obsolete)
Applying: [2015/01/01] Old fixltx2e package on input line 46.


Package fixltx2e Warning: fixltx2e is not required with releases after 2015
(fixltx2e)                All fixes are now in the LaTeX kernel.
(fixltx2e)                See the latexrelease package for details.

Already applied: [0000/00/00] Old fixltx2e package on input line 53.
) (./doxygen.sty
Package: doxygen 
 (/usr/share/texmf-dist/tex/latex/base/alltt.sty
Package: alltt 2021/01/29 v2.0g defines alltt environment
)
(/usr/share/texmf-dist/tex/latex/tools/calc.sty
Package: calc 2017/05/25 v4.3 Infix arithmetic (KKT,FJ)
\calc@Acount=\count194
\calc@Bcount=\count195
\calc@Adimen=\dimen141
\calc@Bdimen=\dimen142
\calc@Askip=\skip51
\calc@Bskip=\skip52
LaTeX Info: Redefining \setlength on input line 80.
LaTeX Info: Redefining \addtolength on input line 81.
\calc@Ccount=\count196
\calc@Cskip=\skip53
)
(/usr/share/texmf-dist/tex/latex/float/float.sty
Package: float 2001/11/08 v1.3d Float enhancements (AL)
\c@float@type=\count197
\float@exts=\toks17
\float@box=\box50
\@float@everytoks=\toks18
\@floatcapt=\box51
)
(/usr/share/texmf-dist/tex/latex/tools/verbatim.sty
Package: verbatim 2020-07-07 v1.5u LaTeX2e package for verbatim enhancements
\every@verbatim=\toks19
\verbatim@line=\toks20
\verbatim@in@stream=\read2
)
(/usr/share/texmf-dist/tex/latex/xcolor/xcolor.sty
Package: xcolor 2021/10/31 v2.13 LaTeX color extensions (UK)

(/usr/share/texmf-dist/tex/latex/graphics-cfg/color.cfg
File: color.cfg 2016/01/02 v1.6 sample color configuration
)
Package xcolor Info: Driver file: pdftex.def on input line 227.

(/usr/share/texmf-dist/tex/latex/graphics-def/pdftex.def
File: pdftex.def 2020/10/05 v1.2a Graphics/color driver for pdftex
)
(/usr/share/texmf-dist/tex/latex/colortbl/colortbl.sty
Package: colortbl 2020/01/04 v1.0e Color table columns (DPC)
\everycr=\toks21
\minrowclearance=\skip54
)
\rownum=\count198
Package xcolor Info: Model `cmy' substituted by `cmy0' on input line 1352.
Package xcolor Info: Model `hsb' substituted by `rgb' on input line 1356.
Package xcolor Info: Model `RGB' extended on input line 1368.
Package xcolor Info: Model `HTML' substituted by `rgb' on input line 1370.
Package xcolor Info: Model `Hsb' substituted by `hsb' on input line 1371.
Package xcolor Info: Model `tHsb' substituted by `hsb' on input line 1372.
Package xcolor Info: Model `HSB' substituted by `hsb' on input line 1373.
Package xcolor Info: Model `Gray' substituted by `gray' on input line 1374.
Package xcolor Info: Model `wave' substituted by `hsb' on input line 1375.
)
(./longtable_doxygen.sty
Package: longtable_doxygen 2014/10/28 v4.11 Multi-page Table package (DPC) - fr
ozen version for doxygen
\LTleft=\skip55
\LTright=\skip56
\LTpre=\skip57
\LTpost=\skip58
\LTchunksize=\count199
\LTcapwidth=\dimen143
\LT@head=\box52
\LT@firsthead=\box53
\LT@foot=\box54
\LT@lastfoot=\box55
\LT@cols=\count266
\LT@rows=\count267
\c@LT@tables=\count268
\c@LT@chunks=\count269
\LT@p@ftn=\toks22
) (./tabu_doxygen.sty
Package: tabu_doxygen 2011/02/26 v2.8 - flexible LaTeX tabulars (FC), frozen ve
rsion for doxygen


! LaTeX Error: File `varwidth.sty' not found.

Type X to quit or <RETURN> to proceed,
or enter new name. (Default extension: sty)

Enter file name: 
\c@taburow=\count270
\tabu@nbcols=\count271
\tabu@cnt=\count272
\tabu@Xcol=\count273
\tabu@alloc=\count274
\tabu@nested=\count275
\tabu@target=\dimen144
\tabu@spreadtarget=\dimen145
\tabu@naturalX=\dimen146
\tabucolX=\dimen147
\tabu@Xsum=\dimen148
\extrarowdepth=\dimen149
\abovetabulinesep=\dimen150
\belowtabulinesep=\dimen151
\tabustrutrule=\dimen152
\tabu@thebody=\toks23
\tabu@footnotes=\toks24
\tabu@box=\box56
\tabu@arstrutbox=\box57
\tabu@hleads=\box58
\tabu@vleads=\box59
\tabu@cellskip=\skip59
) (/usr/share/texmf-dist/tex/latex/fancyvrb/fancyvrb.sty
Package: fancyvrb 2022/04/12 4.2 verbatim text (tvz,hv)

(/usr/share/texmf-dist/tex/latex/graphics/keyval.sty
Package: keyval 2014/10/28 v1.15 key=value parser (DPC)
\KV@toks@=\toks25
)
\FV@CodeLineNo=\count276
\FV@InFile=\read3
\FV@TabBox=\box60
\c@FancyVerbLine=\count277
\FV@StepNumber=\count278
\FV@OutFile=\write3
)
(/usr/share/texmf-dist/tex/latex/tools/tabularx.sty
Package: tabularx 2020/01/15 v2.11c `tabularx' package (DPC)
\TX@col@width=\dimen153
\TX@old@table=\dimen154
\TX@old@col=\dimen155
\TX@target=\dimen156
\TX@delta=\dimen157
\TX@cols=\count279
\TX@ftn=\toks26
)
(/usr/share/texmf-dist/tex/latex/tools/multicol.sty
Package: multicol 2021/10/28 v1.9b multicolumn formatting (FMi)
\c@tracingmulticols=\count280
\mult@box=\box61
\multicol@leftmargin=\dimen158
\c@unbalance=\count281
\c@collectmore=\count282
\doublecol@number=\count283
\multicoltolerance=\count284
\multicolpretolerance=\count285
\full@width=\dimen159
\page@free=\dimen160
\premulticols=\dimen161
\postmulticols=\dimen162
\multicolsep=\skip60
\multicolbaselineskip=\skip61
\partial@page=\box62
\last@line=\box63
\maxbalancingoverflow=\dimen163
\mult@rightbox=\box64
\mult@grightbox=\box65
\mult@firstbox=\box66
\mult@gfirstbox=\box67
\@tempa=\box68
\@tempa=\box69
\@tempa=\box70
\@tempa=\box71
\@tempa=\box72
\@tempa=\box73
\@tempa=\box74
\@tempa=\box75
\@tempa=\box76
\@tempa=\box77
\@tempa=\box78
\@tempa=\box79
\@tempa=\box80
\@tempa=\box81
\@tempa=\box82
\@tempa=\box83
\@tempa=\box84
\@tempa=\box85
\@tempa=\box86
\@tempa=\box87
\@tempa=\box88
\@tempa=\box89
\@tempa=\box90
\@tempa=\box91
\@tempa=\box92
\@tempa=\box93
\@tempa=\box94
\@tempa=\box95
\@tempa=\box96
\@tempa=\box97
\@tempa=\box98
\@tempa=\box99
\@tempa=\box100
\@tempa=\box101
\@tempa=\box102
\@tempa=\box103
\c@minrows=\count286
\c@columnbadness=\count287
\c@finalcolumnbadness=\count288
\last@try=\dimen164
\multicolovershoot=\dimen165
\multicolundershoot=\dimen166
\mult@nat@firstbox=\box104
\colbreak@box=\box105
\mc@col@check@num=\count289
)

! LaTeX Error: File `multirow.sty' not found.

Type X to quit or <RETURN> to proceed,
or enter new name. (Default extension: sty)

Enter file name: 

! LaTeX Error: File `hanging.sty' not found.

Type X to quit or <RETURN> to proceed,
or enter new name. (Default extension: sty)

Enter file name: 
(/usr/share/texmf-dist/tex/generic/iftex/ifpdf.sty
Package: ifpdf 2019/10/25 v3.4 ifpdf legacy package. Use iftex instead.

(/usr/share/texmf-dist/tex/generic/iftex/iftex.sty
Package: iftex 2022/02/03 v1.0f TeX engine tests
))

! LaTeX Error: File `adjustbox.sty' not found.

Type X to quit or <RETURN> to proceed,
or enter new name. (Default extension: sty)

Enter file name: 
(/usr/share/texmf-dist/tex/latex/amsfonts/amssymb.sty
Package: amssymb 2013/01/14 v3.01 AMS font symbols

(/usr/share/texmf-dist/tex/latex/amsfonts/amsfonts.sty
Package: amsfonts 2013/01/14 v3.01 Basic AMSFonts support
\@emptytoks=\toks27
\symAMSa=\mathgroup4
\symAMSb=\mathgroup5
LaTeX Font Info:    Redeclaring math symbol \hbar on input line 98.
LaTeX Font Info:    Overwriting math alphabet `\mathfrak' in version `bold'
(Font)                  U/euf/m/n --> U/euf/b/n on input line 106.
))

! LaTeX Error: File `stackengine.sty' not found.

Type X to quit or <RETURN> to proceed,
or enter new name. (Default extension: sty)

Enter file name: 

! LaTeX Error: File `enumitem.sty' not found.

Type X to quit or <RETURN> to proceed,
or enter new name. (Default extension: sty)

Enter file name: 

! LaTeX Error: File `alphalph.sty' not found.

Type X to quit or <RETURN> to proceed,
or enter new name. (Default extension: sty)

Enter file name: 
(/usr/share/texmf-dist/tex/generic/ulem/ulem.sty
\UL@box=\box106
\UL@hyphenbox=\box107
\UL@skip=\skip62
\UL@hook=\toks28
\UL@height=\dimen167
\UL@pe=\count290
\UL@pixel=\dimen168
\ULC@box=\box108
Package: ulem 2019/11/18
\ULdepth=\dimen169
)

! LaTeX Error: File `enumitem.sty' not found.

Type X to quit or <RETURN> to proceed,
or enter new name. (Default extension: sty)

Enter file name: 
\xrefbox=\box109
\xreflength=\skip63
\CodeWidthChar=\skip64
\CodeHeightChar=\skip65
\DoxyCodeWidth=\skip66
! Undefined control sequence.
l.170 \setlistdepth
                   {12}
? 

! LaTeX Error: Missing \begin{document}.

See the LaTeX manual or LaTeX Companion for explanation.
Type  H <return>  for immediate help.
 ...                                              
                                                  
l.170 \setlistdepth{1
                     2}
? 
! Undefined control sequence.
l.171 \newlist
              {DoxyEnumerate}{enumerate}{12}
? 
! Undefined control sequence.
l.172 \setlist
              [DoxyEnumerate,1]{label=\arabic*.}
? 
! Missing number, treated as zero.
<to be read again> 
                   \c@* 
l.172 \setlist[DoxyEnumerate,1]{label=\arabic*
                                              .}
? 
! Undefined control sequence.
l.173 \setlist
              [DoxyEnumerate,2]{label=(\enumalphalphcnt*)}
? 
! Undefined control sequence.
l.173 ...[DoxyEnumerate,2]{label=(\enumalphalphcnt
                                                  *)}
? 
! Undefined control sequence.
l.174 \setlist
              [DoxyEnumerate,3]{label=\roman*.}
? 
! Missing number, treated as zero.
<to be read again> 
                   \c@* 
l.174 \setlist[DoxyEnumerate,3]{label=\roman*
                                             .}
? 
! Undefined control sequence.
l.175 \setlist
              [DoxyEnumerate,4]{label=\enumAlphAlphcnt*.}
? 
! Undefined control sequence.
l.175 ...t[DoxyEnumerate,4]{label=\enumAlphAlphcnt
                                                  *.}
? 
! Undefined control sequence.
l.176 \setlist
              [DoxyEnumerate,5]{label=\arabic*.}
? 
! Missing number, treated as zero.
<to be read again> 
                   \c@* 
l.176 \setlist[DoxyEnumerate,5]{label=\arabic*
                                              .}
? 
! Undefined control sequence.
l.177 \setlist
              [DoxyEnumerate,6]{label=(\enumalphalphcnt*)}
? 
! Undefined control sequence.
l.177 ...[DoxyEnumerate,6]{label=(\enumalphalphcnt
                                                  *)}
? 
! Undefined control sequence.
l.178 \setlist
              [DoxyEnumerate,7]{label=\roman*.}
? 
! Missing number, treated as zero.
<to be read again> 
                   \c@* 
l.178 \setlist[DoxyEnumerate,7]{label=\roman*
                                             .}
? 
! Undefined control sequence.
l.179 \setlist
              [DoxyEnumerate,8]{label=\enumAlphAlphcnt*.}
? 
! Undefined control sequence.
l.179 ...t[DoxyEnumerate,8]{label=\enumAlphAlphcnt
                                                  *.}
? 
! Undefined control sequence.
l.180 \setlist
              [DoxyEnumerate,9]{label=\arabic*.}
? 
! Missing number, treated as zero.
<to be read again> 
                   \c@* 
l.180 \setlist[DoxyEnumerate,9]{label=\arabic*
                                              .}
? 
! Undefined control sequence.
l.181 \setlist
              [DoxyEnumerate,10]{label=(\enumalphalphcnt*)}
? 
! Undefined control sequence.
l.181 ...DoxyEnumerate,10]{label=(\enumalphalphcnt
                                                  *)}
? 
! Undefined control sequence.
l.182 \setlist
              [DoxyEnumerate,11]{label=\roman*.}
? 
! Missing number, treated as zero.
<to be read again> 
                   \c@* 
l.182 \setlist[DoxyEnumerate,11]{label=\roman*
                                              .}
? 
! Undefined control sequence.
l.183 \setlist
              [DoxyEnumerate,12]{label=\enumAlphAlphcnt*.}
? 
! Undefined control sequence.
l.183 ...[DoxyEnumerate,12]{label=\enumAlphAlphcnt
                                                  *.}
? 

Overfull \hbox (12.92682pt too wide) in paragraph at lines 170--184
\OT1/cmr/m/n/10 ate,2]label=(*) [DoxyEnu-mer-ate,3]label=. [DoxyEnu-mer-ate,4]l
abel=*. [DoxyEnu-
 []


Overfull \hbox (29.62129pt too wide) in paragraph at lines 170--184
\OT1/cmr/m/n/10 mer-ate,5]label=0. [DoxyEnu-mer-ate,6]label=(*) [DoxyEnu-mer-at
e,7]label=. [DoxyEnu-
 []

! Undefined control sequence.
l.186 \setlistdepth
                   {12}
? 

! LaTeX Error: Missing \begin{document}.

See the LaTeX manual or LaTeX Companion for explanation.
Type  H <return>  for immediate help.
 ...                                              
                                                  
l.186 \setlistdepth{1
                     2}
? 
! Undefined control sequence.
l.187 \newlist
              {DoxyItemize}{itemize}{12}
? 
! Undefined control sequence.
l.188 \setlist
              [DoxyItemize]{label=\textperiodcentered}
? 
! Undefined control sequence.
l.190 \setlist
              [DoxyItemize,1]{label=\textbullet}
? 

! LaTeX Error: Missing \begin{document}.

See the LaTeX manual or LaTeX Companion for explanation.
Type  H <return>  for immediate help.
 ...                                              
                                                  
l.190 \setlist[
               DoxyItemize,1]{label=\textbullet}
? 
! Undefined control sequence.
l.191 \setlist
              [DoxyItemize,2]{label=\normalfont\bfseries \textendash}
? 
! Undefined control sequence.
l.192 \setlist
              [DoxyItemize,3]{label=\textasteriskcentered}
? 
! Undefined control sequence.
l.193 \setlist
              [DoxyItemize,4]{label=\textperiodcentered}
? 

Overfull \hbox (32.1361pt too wide) in paragraph at lines 190--194
[]\OT1/cmr/m/n/10 [DoxyItemize,1]label=\TS1/cmr/m/n/10 ˆ \OT1/cmr/m/n/10 [DoxyI
tem-ize,2]label=\OT1/cmr/bx/n/10 { \OT1/cmr/m/n/10 [DoxyItem-ize,3]label=\TS1/c
mr/m/n/10 * \OT1/cmr/m/n/10 [DoxyItem-
 []

! Undefined control sequence.
l.595 \AddEnumerateCounter
                          {\enumalphalphcnt}{\@enumalphalphcnt}{aa}
? 
! Argument of \enumalphalphcnt has an extra }.
<inserted text> 
                \par 
l.595 \AddEnumerateCounter{\enumalphalphcnt}
                                            {\@enumalphalphcnt}{aa}
? 
Runaway argument?
! Paragraph ended before \enumalphalphcnt was complete.
<to be read again> 
                   \par 
l.595 \AddEnumerateCounter{\enumalphalphcnt}
                                            {\@enumalphalphcnt}{aa}
? 
! You can't use `\spacefactor' in vertical mode.
\@->\spacefactor 
                 \@m {}
l.595 \AddEnumerateCounter{\enumalphalphcnt}{\@
                                               enumalphalphcnt}{aa}
? 
! Missing $ inserted.
<inserted text> 
                $
l.595 \AddEnumerateCounter{\enumalphalphcnt}{\@
                                               enumalphalphcnt}{aa}
? 

! LaTeX Error: Missing \begin{document}.

See the LaTeX manual or LaTeX Companion for explanation.
Type  H <return>  for immediate help.
 ...                                              
                                                  
l.595 \AddEnumerateCounter{\enumalphalphcnt}{\@
                                               enumalphalphcnt}{aa}
? 
LaTeX Font Info:    Trying to load font information for U+msa on input line 595
.
(/usr/share/texmf-dist/tex/latex/amsfonts/umsa.fd
File: umsa.fd 2013/01/14 v3.01 AMS symbols A
)
LaTeX Font Info:    Trying to load font information for U+msb on input line 595
.

(/usr/share/texmf-dist/tex/latex/amsfonts/umsb.fd
File: umsb.fd 2013/01/14 v3.01 AMS symbols B
)
! Extra }, or forgotten $.
l.595 ...nter{\enumalphalphcnt}{\@enumalphalphcnt}
                                                  {aa}
? 
! Undefined control sequence.
l.596 \AddEnumerateCounter
                          {\enumAlphAlphcnt}{\@enumAlphAlphcnt}{AA}
? 
! Argument of \enumAlphAlphcnt has an extra }.
<inserted text> 
                \par 
l.596 \AddEnumerateCounter{\enumAlphAlphcnt}
                                            {\@enumAlphAlphcnt}{AA}
? 
Runaway argument?
! Paragraph ended before \enumAlphAlphcnt was complete.
<to be read again> 
                   \par 
l.596 \AddEnumerateCounter{\enumAlphAlphcnt}
                                            {\@enumAlphAlphcnt}{AA}
? 
! Missing $ inserted.
<inserted text> 
                $
l.596 \AddEnumerateCounter{\enumAlphAlphcnt}
                                            {\@enumAlphAlphcnt}{AA}
? 
! Missing } inserted.
<inserted text> 
                }
l.596 \AddEnumerateCounter{\enumAlphAlphcnt}
                                            {\@enumAlphAlphcnt}{AA}
? 
Missing character: There is no è in font cmex10!
! You can't use `\spacefactor' in vertical mode.
\@->\spacefactor 
                 \@m {}
l.596 \AddEnumerateCounter{\enumAlphAlphcnt}{\@
                                               enumAlphAlphcnt}{AA}
? 
! Missing $ inserted.
<inserted text> 
                $
l.596 \AddEnumerateCounter{\enumAlphAlphcnt}{\@
                                               enumAlphAlphcnt}{AA}
? 

! LaTeX Error: Missing \begin{document}.

See the LaTeX manual or LaTeX Companion for explanation.
Type  H <return>  for immediate help.
 ...                                              
                                                  
l.596 \AddEnumerateCounter{\enumAlphAlphcnt}{\@
                                               enumAlphAlphcnt}{AA}
? 
! Extra }, or forgotten $.
l.596 ...nter{\enumAlphAlphcnt}{\@enumAlphAlphcnt}
                                                  {AA}
? 
) (/usr/share/texmf-dist/tex/latex/graphics/graphicx.sty
Package: graphicx 2021/09/16 v1.2d Enhanced LaTeX Graphics (DPC,SPQR)

(/usr/share/texmf-dist/tex/latex/graphics/graphics.sty
! Missing $ inserted.
<inserted text> 
                $
l.29 
     
? 
Missing character: There is no è in font cmex10!
Package: graphics 2021/03/04 v1.4d Standard LaTeX Graphics (DPC,SPQR)
! You can't use `\spacefactor' in vertical mode.
\@->\spacefactor 
                 \@m {}
l.42 \@
       makeother\"%
? 
! Missing $ inserted.
<inserted text> 
                $
l.42 \@
       makeother\"%
? 

! LaTeX Error: Missing \begin{document}.

See the LaTeX manual or LaTeX Companion for explanation.
Type  H <return>  for immediate help.
 ...                                              
                                                  
l.42 \@
       makeother\"%
? 

LaTeX Warning: Command \" invalid in math mode on input line 42.

! Missing number, treated as zero.
<to be read again> 
                   \global 
l.43 \catcode
             `\*=11
? 
! Missing number, treated as zero.
<to be read again> 
                   \global 
l.43 \catcode
             `\*=11
? 
! Please use \mathaccent for accents in math mode.
\add@accent ... \let \ignorespaces \relax \accent 
                                                  #1 #2\egroup \ifmmode \els...
l.43 \catcode
             `\*=11
? 
! Missing { inserted.
<to be read again> 
                   \catcode 
l.43 \catcode
             `\*=11
? 
! Missing number, treated as zero.
<to be read again> 
                   \egroup 
l.43 \catcode
             `\*=11
? 
! Missing number, treated as zero.
<to be read again> 
                   \egroup 
l.43 \catcode
             `\*=11
? 
! You can't use `\spacefactor' in math mode.
\@->\spacefactor 
                 \@m {}
l.44 \@
       makeother\!%
? 
! You can't use `\spacefactor' in math mode.
\@->\spacefactor 
                 \@m {}
l.45 \@
       makeother\:%
? 
(/usr/share/texmf-dist/tex/latex/graphics/trig.sty
Package: trig 2021/08/11 v1.11 sin cos tan (DPC)
)
! You can't use `\spacefactor' in math mode.
\@->\spacefactor 
                 \@m {}
l.47 \providecommand\Grot@start{\@
                                  latex@error{Rotation not supported}\@ehc
? 
! You can't use `\spacefactor' in math mode.
\@->\spacefactor 
                 \@m {}
l.47 ...rt{\@latex@error{Rotation not supported}\@
                                                  ehc
? 
! You can't use `\spacefactor' in math mode.
\@->\spacefactor 
                 \@m {}
l.50 \providecommand\Gscale@start{\@
                                    latex@error{Scaling not supported}\@ehc
? 
! You can't use `\spacefactor' in math mode.
\@->\spacefactor 
                 \@m {}
l.50 ...art{\@latex@error{Scaling not supported}\@
                                                  ehc
? 
! Use of \Gin doesn't match its definition.
l.64 \newif\ifGin@setpagesize\Gin@s
                                   etpagesizetrue
? 
(/usr/share/texmf-dist/tex/latex/graphics-cfg/graphics.cfg
! Missing $ inserted.
<inserted text> 
                $
l.2 
    
? 
! Missing } inserted.
<inserted text> 
                }
l.2 
    
? 
Missing character: There is no è in font cmex10!
Missing character: There is no è in font cmex10!
Missing character: There is no è in font cmex10!
Missing character: There is no è in font cmex10!
Missing character: There is no è in font cmex10!
Missing character: There is no è in font cmex10!
Missing character: There is no è in font cmex10!

Overfull \hbox (471.70992pt too wide) in paragraph at lines 42--2
[]$[]\OML/cmm/m/it/10 makeother[]$ 
 []

File: graphics.cfg 2016/06/04 v1.11 sample graphics configuration
! Undefined control sequence.
l.27     \ifnum\luatexversion
                             >85
? 
! Missing number, treated as zero.
<to be read again> 
                   >
l.27     \ifnum\luatexversion>
                              85
? 
)
Package graphics Info: Driver file: pdftex.def on input line 107.

! You can't use `\spacefactor' in vertical mode.
\@->\spacefactor 
                 \@m {}
l.108   \@
          ifundefined{ver@\Gin@driver}{\input{\Gin@driver}}{}
? 
! Missing $ inserted.
<inserted text> 
                $
l.108   \@
          ifundefined{ver@\Gin@driver}{\input{\Gin@driver}}{}
? 

! LaTeX Error: Missing \begin{document}.

See the LaTeX manual or LaTeX Companion for explanation.
Type  H <return>  for immediate help.
 ...                                              
                                                  
l.108   \@
          ifundefined{ver@\Gin@driver}{\input{\Gin@driver}}{}
? 
(/usr/share/texmf-dist/tex/latex/graphics-def/pdftex.def
File: pdftex.def 2020/10/05 v1.2a Graphics/color driver for pdftex

! Missing number, treated as zero.
<to be read again> 
                   @
l.67 \chardef\main@
                   pdfcolorstack=0 %
? 
! You can't use `\spacefactor' in math mode.
\@->\spacefactor 
                 \@m {}
l.68 \@
       ifundefined{@pdfcolorstack}
? 
! Missing $ inserted.
<inserted text> 
                $
l.144 
      
? 
! Missing } inserted.
<inserted text> 
                }
l.144 
      
? 
Missing character: There is no è in font cmex10!
Missing character: There is no è in font cmex10!

Overfull \hbox (55.8312pt too wide) in paragraph at lines 108--144
[]$[]\OML/cmm/m/it/10 ifundefined[][]$ 
 []

! Use of \@ doesn't match its definition.
<recently read> g
                 
l.149   \expandafter\@g
                       obble
? 

! LaTeX Error: Missing \begin{document}.

See the LaTeX manual or LaTeX Companion for explanation.
Type  H <return>  for immediate help.
 ...                                              
                                                  
l.149   \expandafter\@go
                        bble
? 
! Use of \@ doesn't match its definition.
l.152  \@i
          fl@t@r\fmtversion{2020/10/01}
? 
! Undefined control sequence.
l.159     \g
            @addto@macro\@kernel@before@shipout@background
? 
! Use of \@ doesn't match its definition.
l.159     \g@addto@macro\@k
                           ernel@before@shipout@background
? 
! Undefined control sequence.
l.161       \ifGPT
                  @pagecolor
? 
! Use of \@ doesn't match its definition.
<argument> \pdfcolorstack \@p
                             dfcolorstack push{\current @page@color}\aftergr...
l.167           }
                 %
? 
! Missing number, treated as zero.
<to be read again> 
                   d
l.167           }
                 %
? 
! Color stack action is missing.
<to be read again> 
                   d
l.167           }
                 %
? 
! Undefined control sequence.
<argument> ...stack \@pdfcolorstack push{\current 
                                                  @page@color}\aftergroup \r...
l.167           }
                 %
? 
! Undefined control sequence.
<recently read> \reset 
                       
l.167           }
                 %
? 

Overfull \hbox (45.1954pt too wide) in paragraph at lines 149--193
[]\OT1/cmr/m/n/10 obble fl@t@r2021-11-152020/10/01 @ad-dto@macroernel@before@sh
ipout@background
 []


Underfull \vbox (badness 10000) has occurred while \output is active []


! Undefined control sequence.
\set@color ...\@pdfcolorstack push{\current@color 
                                                  }\aftergroup \reset@color 
l.243 \let\Gin@a
                ttr@hash\@empty
? 
! Undefined control sequence.
\set@color ...\@pdfcolorstack push{\current@color 
                                                  }\aftergroup \reset@color 
l.243 \let\Gin@a
                ttr@hash\@empty
? 
[1{/var/lib/texmf/fonts/map/pdftex/updmap/pdftex.map}

]
Overfull \vbox (302.99129pt too high) has occurred while \output is active []


! Undefined control sequence.
\set@color ...\@pdfcolorstack push{\current@color 
                                                  }\aftergroup \reset@color 
l.243 \let\Gin@a
                ttr@hash\@empty
? 
! Undefined control sequence.
\set@color ...\@pdfcolorstack push{\current@color 
                                                  }\aftergroup \reset@color 
l.243 \let\Gin@a
                ttr@hash\@empty
? 
[2]

! LaTeX Error: Missing \begin{document}.

See the LaTeX manual or LaTeX Companion for explanation.
Type  H <return>  for immediate help.
 ...                                              
                                                  
l.243 \let\Gin@a
                ttr@hash\@empty
? 
! Use of \@ doesn't match its definition.
l.243 \let\Gin@attr@hash\@e
                           mpty
? 
! Use of \@ doesn't match its definition.
l.244 \@i
         fundefined{Gin@decode}
? 
! Use of \@ doesn't match its definition.
l.245   {\let\Gin@decode\@e
                           mpty}
? 
! Use of \@ doesn't match its definition.
l.247 \@i
         fundefined{Gin@log}
? 
! Missing { inserted.
<to be read again> 
                   }
l.248   {\let\Gin@log\wlog}
                           
? 

! Use of \@ doesn't match its definition.
l.250 \@i
         fundefined{Gin@page}
? 
! Use of \@ doesn't match its definition.
l.251   {\let\Gin@page\@e
                         mpty}
? 
! Use of \@ doesn't match its definition.
l.254 \@i
         fundefined{Gin@pagebox}
? 
! Use of \@ doesn't match its definition.
l.258 \@i
         fundefined{Gin@interpolate}
? 
! Use of \GPT doesn't match its definition.
l.399 \GPT@v
            iewporttrue
? 
! Use of \@ doesn't match its definition.
l.554 \@i
         fundefined{ifGin@setpagesize}
? 
! Undefined control sequence.
l.558 \ifGin
            @setpagesize
? 
! Use of \@ doesn't match its definition.
l.590 \@n
         amedef{Gin@rule@.jpg}#1{{jpg}{.jpg}{#1}}
? 
! You can't use `macro parameter character #' in horizontal mode.
l.590 \@namedef{Gin@rule@.jpg}#
                               1{{jpg}{.jpg}{#1}}
? 
! You can't use `macro parameter character #' in horizontal mode.
l.590 \@namedef{Gin@rule@.jpg}#1{{jpg}{.jpg}{#
                                              1}}
? 
! Use of \@ doesn't match its definition.
l.591 \@n
         amedef{Gin@rule@.jpeg}#1{{jpg}{.jpeg}{#1}}
? 
! You can't use `macro parameter character #' in horizontal mode.
l.591 \@namedef{Gin@rule@.jpeg}#
                                1{{jpg}{.jpeg}{#1}}
? 
! You can't use `macro parameter character #' in horizontal mode.
l.591 \@namedef{Gin@rule@.jpeg}#1{{jpg}{.jpeg}{#
                                                1}}
? 
! Use of \@ doesn't match its definition.
l.592 \@n
         amedef{Gin@rule@.JPG}#1{{jpg}{.JPG}{#1}}
? 
! You can't use `macro parameter character #' in horizontal mode.
l.592 \@namedef{Gin@rule@.JPG}#
                               1{{jpg}{.JPG}{#1}}
? 
! You can't use `macro parameter character #' in horizontal mode.
l.592 \@namedef{Gin@rule@.JPG}#1{{jpg}{.JPG}{#
                                              1}}
? 
! Use of \@ doesn't match its definition.
l.593 \@n
         amedef{Gin@rule@.JPEG}#1{{jpg}{.JPEG}{#1}}
? 
! You can't use `macro parameter character #' in horizontal mode.
l.593 \@namedef{Gin@rule@.JPEG}#
                                1{{jpg}{.JPEG}{#1}}
? 
! You can't use `macro parameter character #' in horizontal mode.
l.593 \@namedef{Gin@rule@.JPEG}#1{{jpg}{.JPEG}{#
                                                1}}
? 
! Use of \@ doesn't match its definition.
l.594 \@n
         amedef{Gin@rule@.jb2}#1{{jbig2}{.jb2}{#1}}%
? 
! You can't use `macro parameter character #' in horizontal mode.
l.594 \@namedef{Gin@rule@.jb2}#
                               1{{jbig2}{.jb2}{#1}}%
? 
! You can't use `macro parameter character #' in horizontal mode.
l.594 \@namedef{Gin@rule@.jb2}#1{{jbig2}{.jb2}{#
                                                1}}%
? 
! Use of \@ doesn't match its definition.
l.595 \@n
         amedef{Gin@rule@.jbig2}#1{{jbig2}{.jbig2}{#1}}%
? 
! You can't use `macro parameter character #' in horizontal mode.
l.595 \@namedef{Gin@rule@.jbig2}#
                                 1{{jbig2}{.jbig2}{#1}}%
? 
! You can't use `macro parameter character #' in horizontal mode.
l.595 ...edef{Gin@rule@.jbig2}#1{{jbig2}{.jbig2}{#
                                                  1}}%
? 
! Use of \@ doesn't match its definition.
l.596 \@n
         amedef{Gin@rule@.png}#1{{png}{.png}{#1}}
? 
! You can't use `macro parameter character #' in horizontal mode.
l.596 \@namedef{Gin@rule@.png}#
                               1{{png}{.png}{#1}}
? 
! You can't use `macro parameter character #' in horizontal mode.
l.596 \@namedef{Gin@rule@.png}#1{{png}{.png}{#
                                              1}}
? 
! Use of \@ doesn't match its definition.
l.597 \@n
         amedef{Gin@rule@.PNG}#1{{png}{.PNG}{#1}}
? 
! You can't use `macro parameter character #' in horizontal mode.
l.597 \@namedef{Gin@rule@.PNG}#
                               1{{png}{.PNG}{#1}}
? 
! You can't use `macro parameter character #' in horizontal mode.
l.597 \@namedef{Gin@rule@.PNG}#1{{png}{.PNG}{#
                                              1}}
? 
! Use of \@ doesn't match its definition.
l.598 \@n
         amedef{Gin@rule@.mps}#1{{mps}{.mps}{#1}}
? 
! You can't use `macro parameter character #' in horizontal mode.
l.598 \@namedef{Gin@rule@.mps}#
                               1{{mps}{.mps}{#1}}
? 
! You can't use `macro parameter character #' in horizontal mode.
l.598 \@namedef{Gin@rule@.mps}#1{{mps}{.mps}{#
                                              1}}
? 
! Use of \@ doesn't match its definition.
l.599 \@n
         amedef{Gin@rule@.pdf}#1{{pdf}{.pdf}{#1}}
? 
! You can't use `macro parameter character #' in horizontal mode.
l.599 \@namedef{Gin@rule@.pdf}#
                               1{{pdf}{.pdf}{#1}}
? 
! You can't use `macro parameter character #' in horizontal mode.
l.599 \@namedef{Gin@rule@.pdf}#1{{pdf}{.pdf}{#
                                              1}}
? 
! Use of \@ doesn't match its definition.
l.600 \@n
         amedef{Gin@rule@.PDF}#1{{pdf}{.PDF}{#1}}
? 
! You can't use `macro parameter character #' in horizontal mode.
l.600 \@namedef{Gin@rule@.PDF}#
                               1{{pdf}{.PDF}{#1}}
? 
! You can't use `macro parameter character #' in horizontal mode.
l.600 \@namedef{Gin@rule@.PDF}#1{{pdf}{.PDF}{#
                                              1}}
? 
! Use of \@ doesn't match its definition.
l.601 \@n
         amedef{Gin@rule@.eps}#1{{eps}{.eps}{#1}}
? 
! You can't use `macro parameter character #' in horizontal mode.
l.601 \@namedef{Gin@rule@.eps}#
                               1{{eps}{.eps}{#1}}
? 
! You can't use `macro parameter character #' in horizontal mode.
l.601 \@namedef{Gin@rule@.eps}#1{{eps}{.eps}{#
                                              1}}
? 
)
! Missing number, treated as zero.
<to be read again> 
                   \let 
l.115 \let
          \Gin@nat@height\leftmarginvi
? 
! Illegal unit of measure (pt inserted).
<to be read again> 
                   \let 
l.115 \let
          \Gin@nat@height\leftmarginvi
? 
! Use of \Gread doesn't match its definition.
l.258 \newif\ifGread@\Gread@t
                             rue
? 
! Use of \@ doesn't match its definition.
l.308 \let\Gin@decode\@e
                        mpty
? 
! Use of \@ doesn't match its definition.
l.310 \let\Gin@page\@e
                      mpty
? 
! Missing { inserted.
<to be read again> 
                   \let 
l.314 \let
          \Gin@req@sizes\relax
? 
)
Runaway text?
\let \Gin @req@sizes\relax \def \Gin @scalex{1}\let \Gin @scaley\Gin \ETC.
! File ended while scanning text of \write.
<inserted text> 
                }
l.32 \define@key
                {Gin}{bb}
? 
! Use of \@ doesn't match its definition.
<write> ...ort@code\relax \def \Gin @nosize##1{\@l
                                                  atex@error {Cannot determi...
l.32 \define@key
                {Gin}{bb}
? 
! Use of \@ doesn't match its definition.
<write> ... graphic in ##1 (no size specified)}\@e
                                                  hc} \newif \ifGin @bbox \d...
l.32 \define@key
                {Gin}{bb}
? 
! Incomplete \iffalse; all text was ignored after line 32.
<inserted text> 
                \fi 
l.32 \define@key
                {Gin}{bb}
? 
! Incomplete \iffalse; all text was ignored after line 32.
<inserted text> 
                \fi 
l.32 \define@key
                {Gin}{bb}
? 
! Incomplete \iffalse; all text was ignored after line 32.
<inserted text> 
                \fi 
l.32 \define@key
                {Gin}{bb}
? 
! Incomplete \iffalse; all text was ignored after line 32.
<inserted text> 
                \fi 
l.32 \define@key
                {Gin}{bb}
? 
! Incomplete \iffalse; all text was ignored after line 32.
<inserted text> 
                \fi 
l.32 \define@key
                {Gin}{bb}
? 
! Incomplete \iffalse; all text was ignored after line 32.
<inserted text> 
                \fi 
l.32 \define@key
                {Gin}{bb}
? 
! Incomplete \iffalse; all text was ignored after line 32.
<inserted text> 
                \fi 
l.32 \define@key
                {Gin}{bb}
? 
Runaway text?
\let \Gin @req@sizes\relax \def \Gin @scalex{1}\let \Gin @scaley\Gin \ETC.
! Forbidden control sequence found while scanning text of \write.
<inserted text> 
                }
l.32 \define@key
                {Gin}{bb}
? 
\let \Gin @req@sizes\relax \def \Gin @scalex{1}\let \Gin @scaley\Gin @exclamati
on \let \Gin @req@height\Gin @nat@height \let \Gin @req@width\Gin @nat@width \l
et \Gin @viewport@code\relax \def \Gin @nosize##1{atex@error {Cannot determine 
size of graphic in ##1 (no size specified)}hc} \count@ \escapechar \escapechar 
\m@ne \let  
! TeX capacity exceeded, sorry [input stack size=5000].
\graphics.sty-h@@k ->\graphics.sty-h@@k 
                                        \expandafter \let \csname unprocesse...
l.32 \define@key
                {Gin}{bb}
If you really absolutely need more capacity,
you can ask a wizard to enlarge me.

 
Here is how much of TeX's memory you used:
 3812 strings out of 478238
 54964 string characters out of 5850456
 359921 words of memory out of 5000000
 22022 multiletter control sequences out of 15000+600000
 472060 words of font info for 40 fonts, out of 8000000 for 9000
 1141 hyphenation exceptions out of 8191
 5000i,6n,65p,208b,247s stack positions out of 5000i,500n,10000p,200000b,80000s
!  ==> Fatal error occurred, no output PDF file produced!
